[2025-04-02 13:30:44] INFO: Health check results:
[2025-04-02 13:30:44] INFO: Starting crawler...
[2025-04-02 13:30:45] INFO: Processing 14694 pending links
[2025-04-02 13:30:53] WARN: Received SIGINT. Saving state before exit...
[2025-04-02 13:45:41] INFO: Health check results:
[2025-04-02 13:45:41] INFO: Starting crawler...
[2025-04-02 13:45:42] INFO: Processing 14694 pending links
[2025-04-02 13:45:42] INFO: Processing URL: https://edarehoquqy.eadl.ir/%D8%AC%D8%B3%D8%AA%D8%AC%D9%88%DB%8C-%D9%86%D8%B8%D8%B1%DB%8C%D8%A7%D8%AA-%D9%85%D8%B4%D9%88%D8%B1%D8%AA%DB%8C/%D8%AC%D8%B3%D8%AA%D8%AC%D9%88%DB%8C-%D9%86%D8%B8%D8%B1%DB%8C%D9%87/moduleId/1286/controller/Search/action/Detail?IdeaId=30532, attempt 1
[2025-04-02 13:45:42] INFO: Processing URL: https://edarehoquqy.eadl.ir/%D8%AC%D8%B3%D8%AA%D8%AC%D9%88%DB%8C-%D9%86%D8%B8%D8%B1%DB%8C%D8%A7%D8%AA-%D9%85%D8%B4%D9%88%D8%B1%D8%AA%DB%8C/%D8%AC%D8%B3%D8%AA%D8%AC%D9%88%DB%8C-%D9%86%D8%B8%D8%B1%DB%8C%D9%87/moduleId/1286/controller/Search/action/Detail?IdeaId=30533, attempt 1
[2025-04-02 13:45:42] INFO: Processing URL: https://edarehoquqy.eadl.ir/%D8%AC%D8%B3%D8%AA%D8%AC%D9%88%DB%8C-%D9%86%D8%B8%D8%B1%DB%8C%D8%A7%D8%AA-%D9%85%D8%B4%D9%88%D8%B1%D8%AA%DB%8C/%D8%AC%D8%B3%D8%AA%D8%AC%D9%88%DB%8C-%D9%86%D8%B8%D8%B1%DB%8C%D9%87/moduleId/1286/controller/Search/action/Detail?IdeaId=30534, attempt 1
[2025-04-02 13:45:43] INFO: Processing URL: https://edarehoquqy.eadl.ir/%D8%AC%D8%B3%D8%AA%D8%AC%D9%88%DB%8C-%D9%86%D8%B8%D8%B1%DB%8C%D8%A7%D8%AA-%D9%85%D8%B4%D9%88%D8%B1%D8%AA%DB%8C/%D8%AC%D8%B3%D8%AA%D8%AC%D9%88%DB%8C-%D9%86%D8%B8%D8%B1%DB%8C%D9%87/moduleId/1286/controller/Search/action/Detail?IdeaId=30529, attempt 1
[2025-04-02 13:45:43] INFO: Processing URL: https://edarehoquqy.eadl.ir/%D8%AC%D8%B3%D8%AA%D8%AC%D9%88%DB%8C-%D9%86%D8%B8%D8%B1%DB%8C%D8%A7%D8%AA-%D9%85%D8%B4%D9%88%D8%B1%D8%AA%DB%8C/%D8%AC%D8%B3%D8%AA%D8%AC%D9%88%DB%8C-%D9%86%D8%B8%D8%B1%DB%8C%D9%87/moduleId/1286/controller/Search/action/Detail?IdeaId=30530, attempt 1
[2025-04-02 13:45:44] INFO: Processing URL: https://edarehoquqy.eadl.ir/%D8%AC%D8%B3%D8%AA%D8%AC%D9%88%DB%8C-%D9%86%D8%B8%D8%B1%DB%8C%D8%A7%D8%AA-%D9%85%D8%B4%D9%88%D8%B1%D8%AA%DB%8C/%D8%AC%D8%B3%D8%AA%D8%AC%D9%88%DB%8C-%D9%86%D8%B8%D8%B1%DB%8C%D9%87/moduleId/1286/controller/Search/action/Detail?IdeaId=30522, attempt 1
[2025-04-02 13:45:44] INFO: Processing URL: https://edarehoquqy.eadl.ir/%D8%AC%D8%B3%D8%AA%D8%AC%D9%88%DB%8C-%D9%86%D8%B8%D8%B1%DB%8C%D8%A7%D8%AA-%D9%85%D8%B4%D9%88%D8%B1%D8%AA%DB%8C/%D8%AC%D8%B3%D8%AA%D8%AC%D9%88%DB%8C-%D9%86%D8%B8%D8%B1%DB%8C%D9%87/moduleId/1286/controller/Search/action/Detail?IdeaId=30524, attempt 1
[2025-04-02 13:45:45] INFO: Processing URL: https://edarehoquqy.eadl.ir/%D8%AC%D8%B3%D8%AA%D8%AC%D9%88%DB%8C-%D9%86%D8%B8%D8%B1%DB%8C%D8%A7%D8%AA-%D9%85%D8%B4%D9%88%D8%B1%D8%AA%DB%8C/%D8%AC%D8%B3%D8%AA%D8%AC%D9%88%DB%8C-%D9%86%D8%B8%D8%B1%DB%8C%D9%87/moduleId/1286/controller/Search/action/Detail?IdeaId=30526, attempt 1
[2025-04-02 13:45:45] INFO: Processing URL: https://edarehoquqy.eadl.ir/%D8%AC%D8%B3%D8%AA%D8%AC%D9%88%DB%8C-%D9%86%D8%B8%D8%B1%DB%8C%D8%A7%D8%AA-%D9%85%D8%B4%D9%88%D8%B1%D8%AA%DB%8C/%D8%AC%D8%B3%D8%AA%D8%AC%D9%88%DB%8C-%D9%86%D8%B8%D8%B1%DB%8C%D9%87/moduleId/1286/controller/Search/action/Detail?IdeaId=30509, attempt 1
[2025-04-02 13:45:46] INFO: Processing URL: https://edarehoquqy.eadl.ir/%D8%AC%D8%B3%D8%AA%D8%AC%D9%88%DB%8C-%D9%86%D8%B8%D8%B1%DB%8C%D8%A7%D8%AA-%D9%85%D8%B4%D9%88%D8%B1%D8%AA%DB%8C/%D8%AC%D8%B3%D8%AA%D8%AC%D9%88%DB%8C-%D9%86%D8%B8%D8%B1%DB%8C%D9%87/moduleId/1286/controller/Search/action/Detail?IdeaId=30510, attempt 1
[2025-04-02 13:45:46] INFO: Processing URL: https://edarehoquqy.eadl.ir/%D8%AC%D8%B3%D8%AA%D8%AC%D9%88%DB%8C-%D9%86%D8%B8%D8%B1%DB%8C%D8%A7%D8%AA-%D9%85%D8%B4%D9%88%D8%B1%D8%AA%DB%8C/%D8%AC%D8%B3%D8%AA%D8%AC%D9%88%DB%8C-%D9%86%D8%B8%D8%B1%DB%8C%D9%87/moduleId/1286/controller/Search/action/Detail?IdeaId=30516, attempt 1
[2025-04-02 13:45:46] INFO: Processing URL: https://edarehoquqy.eadl.ir/%D8%AC%D8%B3%D8%AA%D8%AC%D9%88%DB%8C-%D9%86%D8%B8%D8%B1%DB%8C%D8%A7%D8%AA-%D9%85%D8%B4%D9%88%D8%B1%D8%AA%DB%8C/%D8%AC%D8%B3%D8%AA%D8%AC%D9%88%DB%8C-%D9%86%D8%B8%D8%B1%DB%8C%D9%87/moduleId/1286/controller/Search/action/Detail?IdeaId=30519, attempt 1
[2025-04-02 13:45:46] INFO: Processing URL: https://edarehoquqy.eadl.ir/%D8%AC%D8%B3%D8%AA%D8%AC%D9%88%DB%8C-%D9%86%D8%B8%D8%B1%DB%8C%D8%A7%D8%AA-%D9%85%D8%B4%D9%88%D8%B1%D8%AA%DB%8C/%D8%AC%D8%B3%D8%AA%D8%AC%D9%88%DB%8C-%D9%86%D8%B8%D8%B1%DB%8C%D9%87/moduleId/1286/controller/Search/action/Detail?IdeaId=30520, attempt 1
[2025-04-02 13:45:47] INFO: Processing URL: https://edarehoquqy.eadl.ir/%D8%AC%D8%B3%D8%AA%D8%AC%D9%88%DB%8C-%D9%86%D8%B8%D8%B1%DB%8C%D8%A7%D8%AA-%D9%85%D8%B4%D9%88%D8%B1%D8%AA%DB%8C/%D8%AC%D8%B3%D8%AA%D8%AC%D9%88%DB%8C-%D9%86%D8%B8%D8%B1%DB%8C%D9%87/moduleId/1286/controller/Search/action/Detail?IdeaId=30521, attempt 1
[2025-04-02 13:45:47] INFO: Processing URL: https://edarehoquqy.eadl.ir/%D8%AC%D8%B3%D8%AA%D8%AC%D9%88%DB%8C-%D9%86%D8%B8%D8%B1%DB%8C%D8%A7%D8%AA-%D9%85%D8%B4%D9%88%D8%B1%D8%AA%DB%8C/%D8%AC%D8%B3%D8%AA%D8%AC%D9%88%DB%8C-%D9%86%D8%B8%D8%B1%DB%8C%D9%87/moduleId/1286/controller/Search/action/Detail?IdeaId=30525, attempt 1
[2025-04-02 13:45:48] INFO: Processing URL: https://edarehoquqy.eadl.ir/%D8%AC%D8%B3%D8%AA%D8%AC%D9%88%DB%8C-%D9%86%D8%B8%D8%B1%DB%8C%D8%A7%D8%AA-%D9%85%D8%B4%D9%88%D8%B1%D8%AA%DB%8C/%D8%AC%D8%B3%D8%AA%D8%AC%D9%88%DB%8C-%D9%86%D8%B8%D8%B1%DB%8C%D9%87/moduleId/1286/controller/Search/action/Detail?IdeaId=30527, attempt 1
[2025-04-02 13:45:48] INFO: Processing URL: https://edarehoquqy.eadl.ir/%D8%AC%D8%B3%D8%AA%D8%AC%D9%88%DB%8C-%D9%86%D8%B8%D8%B1%DB%8C%D8%A7%D8%AA-%D9%85%D8%B4%D9%88%D8%B1%D8%AA%DB%8C/%D8%AC%D8%B3%D8%AA%D8%AC%D9%88%DB%8C-%D9%86%D8%B8%D8%B1%DB%8C%D9%87/moduleId/1286/controller/Search/action/Detail?IdeaId=30528, attempt 1
[2025-04-02 13:45:48] ERROR: Selector not found: div[title*="موضوع نظریه"]
[2025-04-02 13:45:48] ERROR: Selector not found: div[title*="جواب نظریه"]
[2025-04-02 13:45:49] ERROR: Permanent failure for https://edarehoquqy.eadl.ir/%D8%AC%D8%B3%D8%AA%D8%AC%D9%88%DB%8C-%D9%86%D8%B8%D8%B1%DB%8C%D8%A7%D8%AA-%D9%85%D8%B4%D9%88%D8%B1%D8%AA%DB%8C/%D8%AC%D8%B3%D8%AA%D8%AC%D9%88%DB%8C-%D9%86%D8%B8%D8%B1%DB%8C%D9%87/moduleId/1286/controller/Search/action/Detail?IdeaId=30533 after 2 attempts
[2025-04-02 13:45:49] INFO: Processing URL: https://edarehoquqy.eadl.ir/%D8%AC%D8%B3%D8%AA%D8%AC%D9%88%DB%8C-%D9%86%D8%B8%D8%B1%DB%8C%D8%A7%D8%AA-%D9%85%D8%B4%D9%88%D8%B1%D8%AA%DB%8C/%D8%AC%D8%B3%D8%AA%D8%AC%D9%88%DB%8C-%D9%86%D8%B8%D8%B1%DB%8C%D9%87/moduleId/1286/controller/Search/action/Detail?IdeaId=30498, attempt 1
[2025-04-02 13:45:49] INFO: Processing URL: https://edarehoquqy.eadl.ir/%D8%AC%D8%B3%D8%AA%D8%AC%D9%88%DB%8C-%D9%86%D8%B8%D8%B1%DB%8C%D8%A7%D8%AA-%D9%85%D8%B4%D9%88%D8%B1%D8%AA%DB%8C/%D8%AC%D8%B3%D8%AA%D8%AC%D9%88%DB%8C-%D9%86%D8%B8%D8%B1%DB%8C%D9%87/moduleId/1286/controller/Search/action/Detail?IdeaId=30513, attempt 1
[2025-04-02 13:45:49] INFO: Processing URL: https://edarehoquqy.eadl.ir/%D8%AC%D8%B3%D8%AA%D8%AC%D9%88%DB%8C-%D9%86%D8%B8%D8%B1%DB%8C%D8%A7%D8%AA-%D9%85%D8%B4%D9%88%D8%B1%D8%AA%DB%8C/%D8%AC%D8%B3%D8%AA%D8%AC%D9%88%DB%8C-%D9%86%D8%B8%D8%B1%DB%8C%D9%87/moduleId/1286/controller/Search/action/Detail?IdeaId=30517, attempt 1
[2025-04-02 13:45:49] INFO: Processing URL: https://edarehoquqy.eadl.ir/%D8%AC%D8%B3%D8%AA%D8%AC%D9%88%DB%8C-%D9%86%D8%B8%D8%B1%DB%8C%D8%A7%D8%AA-%D9%85%D8%B4%D9%88%D8%B1%D8%AA%DB%8C/%D8%AC%D8%B3%D8%AA%D8%AC%D9%88%DB%8C-%D9%86%D8%B8%D8%B1%DB%8C%D9%87/moduleId/1286/controller/Search/action/Detail?IdeaId=30518, attempt 1
[2025-04-02 13:45:50] INFO: Processing URL: https://edarehoquqy.eadl.ir/%D8%AC%D8%B3%D8%AA%D8%AC%D9%88%DB%8C-%D9%86%D8%B8%D8%B1%DB%8C%D8%A7%D8%AA-%D9%85%D8%B4%D9%88%D8%B1%D8%AA%DB%8C/%D8%AC%D8%B3%D8%AA%D8%AC%D9%88%DB%8C-%D9%86%D8%B8%D8%B1%DB%8C%D9%87/moduleId/1286/controller/Search/action/Detail?IdeaId=30495, attempt 1
[2025-04-02 13:45:50] INFO: Processing URL: https://edarehoquqy.eadl.ir/%D8%AC%D8%B3%D8%AA%D8%AC%D9%88%DB%8C-%D9%86%D8%B8%D8%B1%DB%8C%D8%A7%D8%AA-%D9%85%D8%B4%D9%88%D8%B1%D8%AA%DB%8C/%D8%AC%D8%B3%D8%AA%D8%AC%D9%88%DB%8C-%D9%86%D8%B8%D8%B1%DB%8C%D9%87/moduleId/1286/controller/Search/action/Detail?IdeaId=30501, attempt 1
[2025-04-02 13:45:50] INFO: Processing URL: https://edarehoquqy.eadl.ir/%D8%AC%D8%B3%D8%AA%D8%AC%D9%88%DB%8C-%D9%86%D8%B8%D8%B1%DB%8C%D8%A7%D8%AA-%D9%85%D8%B4%D9%88%D8%B1%D8%AA%DB%8C/%D8%AC%D8%B3%D8%AA%D8%AC%D9%88%DB%8C-%D9%86%D8%B8%D8%B1%DB%8C%D9%87/moduleId/1286/controller/Search/action/Detail?IdeaId=30499, attempt 1
[2025-04-02 13:45:50] INFO: Processing URL: https://edarehoquqy.eadl.ir/%D8%AC%D8%B3%D8%AA%D8%AC%D9%88%DB%8C-%D9%86%D8%B8%D8%B1%DB%8C%D8%A7%D8%AA-%D9%85%D8%B4%D9%88%D8%B1%D8%AA%DB%8C/%D8%AC%D8%B3%D8%AA%D8%AC%D9%88%DB%8C-%D9%86%D8%B8%D8%B1%DB%8C%D9%87/moduleId/1286/controller/Search/action/Detail?IdeaId=30504, attempt 1
[2025-04-02 13:45:51] INFO: Processing URL: https://edarehoquqy.eadl.ir/%D8%AC%D8%B3%D8%AA%D8%AC%D9%88%DB%8C-%D9%86%D8%B8%D8%B1%DB%8C%D8%A7%D8%AA-%D9%85%D8%B4%D9%88%D8%B1%D8%AA%DB%8C/%D8%AC%D8%B3%D8%AA%D8%AC%D9%88%DB%8C-%D9%86%D8%B8%D8%B1%DB%8C%D9%87/moduleId/1286/controller/Search/action/Detail?IdeaId=30491, attempt 1
[2025-04-02 13:45:51] INFO: Processing URL: https://edarehoquqy.eadl.ir/%D8%AC%D8%B3%D8%AA%D8%AC%D9%88%DB%8C-%D9%86%D8%B8%D8%B1%DB%8C%D8%A7%D8%AA-%D9%85%D8%B4%D9%88%D8%B1%D8%AA%DB%8C/%D8%AC%D8%B3%D8%AA%D8%AC%D9%88%DB%8C-%D9%86%D8%B8%D8%B1%DB%8C%D9%87/moduleId/1286/controller/Search/action/Detail?IdeaId=30492, attempt 1
[2025-04-02 13:45:51] INFO: Processing URL: https://edarehoquqy.eadl.ir/%D8%AC%D8%B3%D8%AA%D8%AC%D9%88%DB%8C-%D9%86%D8%B8%D8%B1%DB%8C%D8%A7%D8%AA-%D9%85%D8%B4%D9%88%D8%B1%D8%AA%DB%8C/%D8%AC%D8%B3%D8%AA%D8%AC%D9%88%DB%8C-%D9%86%D8%B8%D8%B1%DB%8C%D9%87/moduleId/1286/controller/Search/action/Detail?IdeaId=30493, attempt 1
[2025-04-02 13:45:52] WARN: Received SIGINT. Saving state before exit...
